<?xml version="1.0" encoding="UTF-8"?>
<!-- Generated by org.testng.reporters.JUnitReportReporter -->
<testsuite skipped="0" hostname="Dell123" name="TestNGByShaileshSir.Example4" tests="2" failures="0" timestamp="2022-07-20T20:39:31 IST" time="0.000" errors="0">
  <testcase name="TestCase2" time="0.000" classname="TestNGByShaileshSir.Example4"/>
  <system-out/>
  <testcase name="TestCase1" time="0.000" classname="TestNGByShaileshSir.Example4"/>
  <system-out/>
</testsuite> <!-- TestNGByShaileshSir.Example4 -->
