<?xml version="1.0" encoding="UTF-8"?>
<!-- Generated by org.testng.reporters.JUnitReportReporter -->
<testsuite skipped="0" hostname="Dell123" name="POM.OrangeHrmLoginPageTest" tests="1" failures="0" timestamp="2022-07-20T21:59:05 IST" time="31.671" errors="0">
  <testcase name="verifyLogin" time="31.671" classname="POM.OrangeHrmLoginPageTest"/>
  <system-out/>
</testsuite> <!-- POM.OrangeHrmLoginPageTest -->
