<?xml version="1.0" encoding="UTF-8"?>
<!-- Generated by org.testng.reporters.JUnitReportReporter -->
<testsuite skipped="3" hostname="Dell123" name="Parameterization.Parameterization" tests="4" failures="0" timestamp="2022-08-23T22:46:49 IST" time="56.902" errors="0">
  <testcase name="TestCaseFour" time="56.902" classname="Parameterization.Parameterization"/>
  <system-out/>
  <testcase name="TestCaseTwo" classname="Parameterization.Parameterization">
    <skipped/>
  </testcase> <!-- TestCaseTwo -->
  <system-out/>
  <testcase name="TestCasethree" classname="Parameterization.Parameterization">
    <skipped/>
  </testcase> <!-- TestCasethree -->
  <system-out/>
  <testcase name="TestCaseone" classname="Parameterization.Parameterization">
    <skipped/>
  </testcase> <!-- TestCaseone -->
  <system-out/>
</testsuite> <!-- Parameterization.Parameterization -->
