<?xml version="1.0" encoding="UTF-8"?>
<!-- Generated by org.testng.reporters.JUnitReportReporter -->
<testsuite skipped="0" hostname="Dell123" name="TestNGByShaileshSir.TestNGActitime" tests="1" failures="0" timestamp="2022-07-01T19:36:25 IST" time="40.860" errors="0">
  <testcase name="TestCase1" time="40.860" classname="TestNGByShaileshSir.TestNGActitime"/>
  <system-out/>
</testsuite> <!-- TestNGByShaileshSir.TestNGActitime -->
