<?xml version="1.0" encoding="UTF-8"?>
<!-- Generated by org.testng.reporters.JUnitReportReporter -->
<testsuite skipped="0" hostname="Dell123" name="ParllelTestingByShaileshSir.ParllelTestingWithHelpOfXML" tests="2" failures="0" timestamp="2022-07-20T20:39:31 IST" time="21.523" errors="0">
  <testcase name="TestCase1" time="10.388" classname="ParllelTestingByShaileshSir.ParllelTestingWithHelpOfXML"/>
  <system-out/>
  <testcase name="TestCase2" time="11.135" classname="ParllelTestingByShaileshSir.ParllelTestingWithHelpOfXML"/>
  <system-out/>
</testsuite> <!-- ParllelTestingByShaileshSir.ParllelTestingWithHelpOfXML -->
