<?xml version="1.0" encoding="UTF-8"?>
<!-- Generated by org.testng.reporters.JUnitReportReporter -->
<testsuite skipped="0" hostname="Dell123" name="TestNGByShaileshSir.Example3" tests="1" failures="0" timestamp="2022-07-20T20:39:31 IST" time="2.016" errors="0">
  <testcase name="TestCase3" time="2.016" classname="TestNGByShaileshSir.Example3"/>
  <system-out/>
</testsuite> <!-- TestNGByShaileshSir.Example3 -->
