<?xml version="1.0" encoding="UTF-8"?>
<!-- Generated by org.testng.reporters.JUnitReportReporter -->
<testsuite skipped="0" hostname="Dell123" name="DemoPractice.NewTest" tests="3" failures="0" timestamp="2022-08-23T21:46:54 IST" time="23.944" errors="0">
  <testcase name="f" time="8.760" classname="DemoPractice.NewTest"/>
  <system-out/>
  <testcase name="f" time="7.224" classname="DemoPractice.NewTest"/>
  <system-out/>
  <testcase name="f" time="7.960" classname="DemoPractice.NewTest"/>
  <system-out/>
</testsuite> <!-- DemoPractice.NewTest -->
