<?xml version="1.0" encoding="UTF-8"?>
<!-- Generated by org.testng.reporters.JUnitReportReporter -->
<testsuite skipped="1" hostname="Dell123" name="AddOrRemoveTestCasesInTestNG.AddOrRemoveTestCasesInTestNG" tests="2" failures="0" timestamp="2022-07-20T19:21:47 IST" time="0.011" errors="0">
  <testcase name="addEmployeeTestCase" time="0.011" classname="AddOrRemoveTestCasesInTestNG.AddOrRemoveTestCasesInTestNG"/>
  <system-out/>
  <testcase name="TC2" classname="AddOrRemoveTestCasesInTestNG.AddOrRemoveTestCasesInTestNG">
    <skipped/>
  </testcase> <!-- TC2 -->
  <system-out/>
</testsuite> <!-- AddOrRemoveTestCasesInTestNG.AddOrRemoveTestCasesInTestNG -->
