<?xml version="1.0" encoding="UTF-8"?>
<!-- Generated by org.testng.reporters.JUnitReportReporter -->
<testsuite skipped="0" hostname="Dell123" name="TestNGByShaileshSir.Example6" tests="2" failures="0" timestamp="2022-07-20T20:39:31 IST" time="0.016" errors="0">
  <testcase name="testCase7" time="0.000" classname="TestNGByShaileshSir.Example6"/>
  <system-out/>
  <testcase name="testCase8" time="0.016" classname="TestNGByShaileshSir.Example6"/>
  <system-out/>
</testsuite> <!-- TestNGByShaileshSir.Example6 -->
