<?xml version="1.0" encoding="UTF-8"?>
<!-- Generated by org.testng.reporters.JUnitReportReporter -->
<testsuite skipped="0" hostname="Dell123" name="GroupingByShaileshSir.Grouping" tests="3" failures="0" timestamp="2022-09-02T21:45:12 IST" time="0.020" errors="0">
  <testcase name="TestCase2" time="0.012" classname="GroupingByShaileshSir.Grouping"/>
  <system-out/>
  <testcase name="TestCase5" time="0.003" classname="GroupingByShaileshSir.Grouping"/>
  <system-out/>
  <testcase name="TestCase4" time="0.005" classname="GroupingByShaileshSir.Grouping"/>
  <system-out/>
</testsuite> <!-- GroupingByShaileshSir.Grouping -->
