<?xml version="1.0" encoding="UTF-8"?>
<!-- Generated by org.testng.reporters.JUnitReportReporter -->
<testsuite skipped="0" hostname="Dell123" name="TestNGByShaileshSir.ExampleByShaileshSir" tests="1" failures="0" timestamp="2022-07-01T19:36:25 IST" time="0.008" errors="0">
  <testcase name="TestCase1" time="0.008" classname="TestNGByShaileshSir.ExampleByShaileshSir"/>
  <system-out/>
</testsuite> <!-- TestNGByShaileshSir.ExampleByShaileshSir -->
